mmap(NULL, 8192, PROT_READ|PROT_WRITE, MAP_PRIVATE|MAP_ANONYMOUS, -1, 0) = 0x7f3c2f716000
open("/etc/ld.so.cache", O_RDONLY|O_CLOEXEC) = 3
mmap(NULL, 90497, PROT_READ, MAP_PRIVATE, 3, 0) = 0x7f3c2f6ff000
open("/lib/x86_64-linux-gnu/libc.so.6", O_RDONLY|O_CLOEXEC) = 3
read(3, "\177ELF\2\1\1\3\0\0\0\0\0\0\0\0\3\0>\0\1\0\0\0P\t\2\0\0\0\0\0"..., 832) = 832
mmap(NULL, 3967392, PROT_READ|PROT_EXEC, MAP_PRIVATE|MAP_DENYWRITE, 3, 0) = 0x7f3c2f12a000
mmap(0x7f3c2f4e9000, 24576, PROT_READ|PROT_WRITE, MAP_PRIVATE|MAP_FIXED|MAP_DENYWRITE, 3, 0x1bf000) = 0x7f3c2f4e9000
mmap(0x7f3c2f4ef000, 14752, PROT_READ|PROT_WRITE, MAP_PRIVATE|MAP_FIXED|MAP_ANONYMOUS, -1, 0) = 0x7f3c2f4ef000
mmap(NULL, 4096, PROT_READ|PROT_WRITE, MAP_PRIVATE|MAP_ANONYMOUS, -1, 0) = 0x7f3c2f6fe000
mmap(NULL, 4096, PROT_READ|PROT_WRITE, MAP_PRIVATE|MAP_ANONYMOUS, -1, 0) = 0x7f3c2f6fd000
mmap(NULL, 4096, PROT_READ|PROT_WRITE, MAP_PRIVATE|MAP_ANONYMOUS, -1, 0) = 0x7f3c2f6fc000
open("REQ_PIPE_12906", O_RDWR)          = 3
open("RESP_PIPE_12906", O_RDWR)         = 4
read(3, "\n", 1)                        = 1
read(3, "CREATE_SHM", 10)               = 10
read(3, "Z\215\33\0", 4)                = 4
read(3, "\10", 1)                       = 1
read(3, "MAP_FILE", 8)                  = 8
read(3, "\30", 1)                       = 1
read(3, "test_root/yZS0TxZDTL.sWU", 24) = 24
open("test_root/yZS0TxZDTL.sWU", O_RDONLY) = 5
mmap(NULL, 64251, PROT_READ|PROT_WRITE, MAP_PRIVATE, 5, 0) = 0x7f3c2f706000
read(3, "\36", 1)                       = 1
read(3, "READ_FROM_LOGICAL_SPACE_OFFSET", 30) = 30
read(3, "\313\7\0\0", 4)                = 4
read(3, "g\5\0\0", 4)                   = 4
read(3, "\36", 1)                       = 1
read(3, "READ_FROM_LOGICAL_SPACE_OFFSET", 30) = 30
read(3, "0\240\0\0", 4)                 = 4
read(3, "H\17\0\0", 4)                  = 4
read(3, "\36", 1)                       = 1
read(3, "READ_FROM_LOGICAL_SPACE_OFFSET", 30) = 30
read(3, "\262\10\1\0", 4)               = 4
read(3, "k\0\0\0", 4)                   = 4
read(3, "\36", 1)                       = 1
read(3, "READ_FROM_LOGICAL_SPACE_OFFSET", 30) = 30
read(3, "\333 \1\0", 4)                 = 4
read(3, "\315\n\0\0", 4)                = 4
read(3, "\4", 1)                        = 1
read(3, "EXIT", 4)                      = 4
+++ exited with 0 +++
